0 info it worked if it ends with ok
1 verbose cli [ 'C:\\Program Files\\nodejs\\node.exe',
1 verbose cli   'C:\\Program Files\\nodejs\\node_modules\\npm\\bin\\npm-cli.js',
1 verbose cli   'install',
1 verbose cli   'angular-google-maps',
1 verbose cli   '--save' ]
2 info using npm@3.10.10
3 info using node@v6.10.0
4 silly loadCurrentTree Starting
5 silly install loadCurrentTree
6 silly install readLocalPackageData
7 silly fetchPackageMetaData angular-google-maps
8 silly fetchNamedPackageData angular-google-maps
9 silly mapToRegistry name angular-google-maps
10 silly mapToRegistry using default registry
11 silly mapToRegistry registry https://registry.npmjs.org/
12 silly mapToRegistry data Result {
12 silly mapToRegistry   raw: 'angular-google-maps',
12 silly mapToRegistry   scope: null,
12 silly mapToRegistry   escapedName: 'angular-google-maps',
12 silly mapToRegistry   name: 'angular-google-maps',
12 silly mapToRegistry   rawSpec: '',
12 silly mapToRegistry   spec: 'latest',
12 silly mapToRegistry   type: 'tag' }
13 silly mapToRegistry uri https://registry.npmjs.org/angular-google-maps
14 verbose request uri https://registry.npmjs.org/angular-google-maps
15 verbose request no auth needed
16 info attempt registry request try #1 at 16:29:03
17 verbose request id e159c11ce5c5bc99
18 verbose etag W/"586e5eb5-ecac"
19 verbose lastModified Thu, 05 Jan 2017 14:56:53 GMT
20 http request GET https://registry.npmjs.org/angular-google-maps
21 http 304 https://registry.npmjs.org/angular-google-maps
22 verbose headers { date: 'Wed, 22 Mar 2017 21:29:04 GMT',
22 verbose headers   via: '1.1 varnish',
22 verbose headers   'cache-control': 'max-age=300',
22 verbose headers   etag: 'W/"586e5eb5-ecac"',
22 verbose headers   age: '295',
22 verbose headers   connection: 'keep-alive',
22 verbose headers   'x-served-by': 'cache-iad2120-IAD',
22 verbose headers   'x-cache': 'HIT',
22 verbose headers   'x-cache-hits': '1',
22 verbose headers   'x-timer': 'S1490218144.109641,VS0,VE0',
22 verbose headers   vary: 'Accept-Encoding' }
23 silly get cb [ 304,
23 silly get   { date: 'Wed, 22 Mar 2017 21:29:04 GMT',
23 silly get     via: '1.1 varnish',
23 silly get     'cache-control': 'max-age=300',
23 silly get     etag: 'W/"586e5eb5-ecac"',
23 silly get     age: '295',
23 silly get     connection: 'keep-alive',
23 silly get     'x-served-by': 'cache-iad2120-IAD',
23 silly get     'x-cache': 'HIT',
23 silly get     'x-cache-hits': '1',
23 silly get     'x-timer': 'S1490218144.109641,VS0,VE0',
23 silly get     vary: 'Accept-Encoding' } ]
24 verbose etag https://registry.npmjs.org/angular-google-maps from cache
25 verbose get saving angular-google-maps to C:\Users\rgonzalezs\AppData\Roaming\npm-cache\registry.npmjs.org\angular-google-maps\.cache.json
26 verbose correctMkdir C:\Users\rgonzalezs\AppData\Roaming\npm-cache correctMkdir not in flight; initializing
27 silly install normalizeTree
28 silly loadCurrentTree Finishing
29 silly loadIdealTree Starting
30 silly install loadIdealTree
31 silly cloneCurrentTree Starting
32 silly install cloneCurrentTreeToIdealTree
33 silly cloneCurrentTree Finishing
34 silly loadShrinkwrap Starting
35 silly install loadShrinkwrap
36 silly loadShrinkwrap Finishing
37 silly loadAllDepsIntoIdealTree Starting
38 silly install loadAllDepsIntoIdealTree
39 silly resolveWithNewModule angular-google-maps@2.4.1 checking installable status
40 silly cache add args [ 'angular-google-maps', null ]
41 verbose cache add spec angular-google-maps
42 silly cache add parsed spec Result {
42 silly cache add   raw: 'angular-google-maps',
42 silly cache add   scope: null,
42 silly cache add   escapedName: 'angular-google-maps',
42 silly cache add   name: 'angular-google-maps',
42 silly cache add   rawSpec: '',
42 silly cache add   spec: 'latest',
42 silly cache add   type: 'tag' }
43 silly addNamed angular-google-maps@latest
44 verbose addNamed "latest" is being treated as a dist-tag for angular-google-maps
45 info addNameTag [ 'angular-google-maps', 'latest' ]
46 silly mapToRegistry name angular-google-maps
47 silly mapToRegistry using default registry
48 silly mapToRegistry registry https://registry.npmjs.org/
49 silly mapToRegistry data Result {
49 silly mapToRegistry   raw: 'angular-google-maps',
49 silly mapToRegistry   scope: null,
49 silly mapToRegistry   escapedName: 'angular-google-maps',
49 silly mapToRegistry   name: 'angular-google-maps',
49 silly mapToRegistry   rawSpec: '',
49 silly mapToRegistry   spec: 'latest',
49 silly mapToRegistry   type: 'tag' }
50 silly mapToRegistry uri https://registry.npmjs.org/angular-google-maps
51 verbose addNameTag registry:https://registry.npmjs.org/angular-google-maps not in flight; fetching
52 verbose get https://registry.npmjs.org/angular-google-maps not expired, no request
53 silly addNameTag next cb for angular-google-maps with tag latest
54 silly addNamed angular-google-maps@2.4.1
55 verbose addNamed "2.4.1" is a plain semver version for angular-google-maps
56 silly cache afterAdd angular-google-maps@2.4.1
57 verbose afterAdd C:\Users\rgonzalezs\AppData\Roaming\npm-cache\angular-google-maps\2.4.1\package\package.json not in flight; writing
58 verbose correctMkdir C:\Users\rgonzalezs\AppData\Roaming\npm-cache correctMkdir not in flight; initializing
59 verbose afterAdd C:\Users\rgonzalezs\AppData\Roaming\npm-cache\angular-google-maps\2.4.1\package\package.json written
60 silly fetchNamedPackageData angular-simple-logger
61 silly mapToRegistry name angular-simple-logger
62 silly mapToRegistry using default registry
63 silly mapToRegistry registry https://registry.npmjs.org/
64 silly mapToRegistry data Result {
64 silly mapToRegistry   raw: 'angular-simple-logger',
64 silly mapToRegistry   scope: null,
64 silly mapToRegistry   escapedName: 'angular-simple-logger',
64 silly mapToRegistry   name: 'angular-simple-logger',
64 silly mapToRegistry   rawSpec: '',
64 silly mapToRegistry   spec: 'latest',
64 silly mapToRegistry   type: 'tag' }
65 silly mapToRegistry uri https://registry.npmjs.org/angular-simple-logger
66 silly fetchNamedPackageData google-maps-utility-library-v3-infobox
67 silly mapToRegistry name google-maps-utility-library-v3-infobox
68 silly mapToRegistry using default registry
69 silly mapToRegistry registry https://registry.npmjs.org/
70 silly mapToRegistry data Result {
70 silly mapToRegistry   raw: 'google-maps-utility-library-v3-infobox',
70 silly mapToRegistry   scope: null,
70 silly mapToRegistry   escapedName: 'google-maps-utility-library-v3-infobox',
70 silly mapToRegistry   name: 'google-maps-utility-library-v3-infobox',
70 silly mapToRegistry   rawSpec: '',
70 silly mapToRegistry   spec: 'latest',
70 silly mapToRegistry   type: 'tag' }
71 silly mapToRegistry uri https://registry.npmjs.org/google-maps-utility-library-v3-infobox
72 silly fetchNamedPackageData google-maps-utility-library-v3-keydragzoom
73 silly mapToRegistry name google-maps-utility-library-v3-keydragzoom
74 silly mapToRegistry using default registry
75 silly mapToRegistry registry https://registry.npmjs.org/
76 silly mapToRegistry data Result {
76 silly mapToRegistry   raw: 'google-maps-utility-library-v3-keydragzoom',
76 silly mapToRegistry   scope: null,
76 silly mapToRegistry   escapedName: 'google-maps-utility-library-v3-keydragzoom',
76 silly mapToRegistry   name: 'google-maps-utility-library-v3-keydragzoom',
76 silly mapToRegistry   rawSpec: '',
76 silly mapToRegistry   spec: 'latest',
76 silly mapToRegistry   type: 'tag' }
77 silly mapToRegistry uri https://registry.npmjs.org/google-maps-utility-library-v3-keydragzoom
78 silly fetchNamedPackageData lodash
79 silly mapToRegistry name lodash
80 silly mapToRegistry using default registry
81 silly mapToRegistry registry https://registry.npmjs.org/
82 silly mapToRegistry data Result {
82 silly mapToRegistry   raw: 'lodash',
82 silly mapToRegistry   scope: null,
82 silly mapToRegistry   escapedName: 'lodash',
82 silly mapToRegistry   name: 'lodash',
82 silly mapToRegistry   rawSpec: '',
82 silly mapToRegistry   spec: 'latest',
82 silly mapToRegistry   type: 'tag' }
83 silly mapToRegistry uri https://registry.npmjs.org/lodash
84 silly fetchNamedPackageData markerclustererplus
85 silly mapToRegistry name markerclustererplus
86 silly mapToRegistry using default registry
87 silly mapToRegistry registry https://registry.npmjs.org/
88 silly mapToRegistry data Result {
88 silly mapToRegistry   raw: 'markerclustererplus',
88 silly mapToRegistry   scope: null,
88 silly mapToRegistry   escapedName: 'markerclustererplus',
88 silly mapToRegistry   name: 'markerclustererplus',
88 silly mapToRegistry   rawSpec: '',
88 silly mapToRegistry   spec: 'latest',
88 silly mapToRegistry   type: 'tag' }
89 silly mapToRegistry uri https://registry.npmjs.org/markerclustererplus
90 silly fetchOtherPackageData google-maps-utility-library-v3-markerwithlabel@git://github.com/nmccready/google-maps-utility-library-v3-markerwithlabel.git
91 silly cache add args [ 'google-maps-utility-library-v3-markerwithlabel@git://github.com/nmccready/google-maps-utility-library-v3-markerwithlabel.git',
91 silly cache add   null ]
92 verbose cache add spec google-maps-utility-library-v3-markerwithlabel@git://github.com/nmccready/google-maps-utility-library-v3-markerwithlabel.git
93 silly fetchOtherPackageData js-rich-marker@git://github.com/MikaFima/js-rich-marker.git#0383f4bbdad4ddf154772fedbdd27e464600e943
94 silly cache add args [ 'js-rich-marker@git://github.com/MikaFima/js-rich-marker.git#0383f4bbdad4ddf154772fedbdd27e464600e943',
94 silly cache add   null ]
95 verbose cache add spec js-rich-marker@git://github.com/MikaFima/js-rich-marker.git#0383f4bbdad4ddf154772fedbdd27e464600e943
96 silly cache add parsed spec Result {
96 silly cache add   raw: 'google-maps-utility-library-v3-markerwithlabel@git://github.com/nmccready/google-maps-utility-library-v3-markerwithlabel.git',
96 silly cache add   scope: null,
96 silly cache add   escapedName: 'google-maps-utility-library-v3-markerwithlabel',
96 silly cache add   name: 'google-maps-utility-library-v3-markerwithlabel',
96 silly cache add   rawSpec: 'git://github.com/nmccready/google-maps-utility-library-v3-markerwithlabel.git',
96 silly cache add   spec: 'git://github.com/nmccready/google-maps-utility-library-v3-markerwithlabel.git',
96 silly cache add   type: 'hosted',
96 silly cache add   hosted:
96 silly cache add    { type: 'github',
96 silly cache add      ssh: 'git@github.com:nmccready/google-maps-utility-library-v3-markerwithlabel.git',
96 silly cache add      sshUrl: 'git+ssh://git@github.com/nmccready/google-maps-utility-library-v3-markerwithlabel.git',
96 silly cache add      httpsUrl: 'git+https://github.com/nmccready/google-maps-utility-library-v3-markerwithlabel.git',
96 silly cache add      gitUrl: 'git://github.com/nmccready/google-maps-utility-library-v3-markerwithlabel.git',
96 silly cache add      shortcut: 'github:nmccready/google-maps-utility-library-v3-markerwithlabel',
96 silly cache add      directUrl: 'https://raw.githubusercontent.com/nmccready/google-maps-utility-library-v3-markerwithlabel/master/package.json' } }
97 verbose addRemoteGit caching git://github.com/nmccready/google-maps-utility-library-v3-markerwithlabel.git
98 verbose addRemoteGit git://github.com/nmccready/google-maps-utility-library-v3-markerwithlabel.git is a repository hosted by github
99 silly tryClone cloning git://github.com/nmccready/google-maps-utility-library-v3-markerwithlabel.git via git://github.com/nmccready/google-maps-utility-library-v3-markerwithlabel.git
100 verbose tryClone git-github-com-nmccready-google-maps-utility-library-v3-markerwithlabel-git-535ad55b not in flight; caching
101 verbose correctMkdir C:\Users\rgonzalezs\AppData\Roaming\npm-cache\_git-remotes correctMkdir not in flight; initializing
102 silly cache add parsed spec Result {
102 silly cache add   raw: 'js-rich-marker@git://github.com/MikaFima/js-rich-marker.git#0383f4bbdad4ddf154772fedbdd27e464600e943',
102 silly cache add   scope: null,
102 silly cache add   escapedName: 'js-rich-marker',
102 silly cache add   name: 'js-rich-marker',
102 silly cache add   rawSpec: 'git://github.com/MikaFima/js-rich-marker.git#0383f4bbdad4ddf154772fedbdd27e464600e943',
102 silly cache add   spec: 'git://github.com/MikaFima/js-rich-marker.git#0383f4bbdad4ddf154772fedbdd27e464600e943',
102 silly cache add   type: 'hosted',
102 silly cache add   hosted:
102 silly cache add    { type: 'github',
102 silly cache add      ssh: 'git@github.com:MikaFima/js-rich-marker.git#0383f4bbdad4ddf154772fedbdd27e464600e943',
102 silly cache add      sshUrl: 'git+ssh://git@github.com/MikaFima/js-rich-marker.git#0383f4bbdad4ddf154772fedbdd27e464600e943',
102 silly cache add      httpsUrl: 'git+https://github.com/MikaFima/js-rich-marker.git#0383f4bbdad4ddf154772fedbdd27e464600e943',
102 silly cache add      gitUrl: 'git://github.com/MikaFima/js-rich-marker.git#0383f4bbdad4ddf154772fedbdd27e464600e943',
102 silly cache add      shortcut: 'github:MikaFima/js-rich-marker#0383f4bbdad4ddf154772fedbdd27e464600e943',
102 silly cache add      directUrl: 'https://raw.githubusercontent.com/MikaFima/js-rich-marker/0383f4bbdad4ddf154772fedbdd27e464600e943/package.json' } }
103 verbose addRemoteGit caching git://github.com/MikaFima/js-rich-marker.git#0383f4bbdad4ddf154772fedbdd27e464600e943
104 verbose addRemoteGit git://github.com/MikaFima/js-rich-marker.git#0383f4bbdad4ddf154772fedbdd27e464600e943 is a repository hosted by github
105 silly tryClone cloning git://github.com/MikaFima/js-rich-marker.git#0383f4bbdad4ddf154772fedbdd27e464600e943 via git://github.com/MikaFima/js-rich-marker.git#0383f4bbdad4ddf154772fedbdd27e464600e943
106 verbose tryClone git-github-com-MikaFima-js-rich-marker-git-0383f4bbdad4ddf154772fedbdd27e464600e943-e7abb722 not in flight; caching
107 verbose correctMkdir C:\Users\rgonzalezs\AppData\Roaming\npm-cache\_git-remotes correctMkdir already in flight; waiting
108 verbose request uri https://registry.npmjs.org/google-maps-utility-library-v3-infobox
109 verbose request no auth needed
110 info attempt registry request try #1 at 16:29:04
111 verbose etag W/"5819ef21-176a"
112 verbose lastModified Wed, 02 Nov 2016 13:50:25 GMT
113 http request GET https://registry.npmjs.org/google-maps-utility-library-v3-infobox
114 verbose request uri https://registry.npmjs.org/google-maps-utility-library-v3-keydragzoom
115 verbose request no auth needed
116 info attempt registry request try #1 at 16:29:04
117 verbose etag W/"573616be-f7b"
118 verbose lastModified Fri, 13 May 2016 18:02:38 GMT
119 http request GET https://registry.npmjs.org/google-maps-utility-library-v3-keydragzoom
120 verbose request uri https://registry.npmjs.org/markerclustererplus
121 verbose request no auth needed
122 info attempt registry request try #1 at 16:29:04
123 verbose etag W/"551c1041-1757"
124 verbose lastModified Wed, 01 Apr 2015 15:35:29 GMT
125 http request GET https://registry.npmjs.org/markerclustererplus
126 verbose request uri https://registry.npmjs.org/angular-simple-logger
127 verbose request no auth needed
128 info attempt registry request try #1 at 16:29:04
129 verbose etag W/"56a78daf-76b9"
130 verbose lastModified Tue, 26 Jan 2016 15:15:59 GMT
131 http request GET https://registry.npmjs.org/angular-simple-logger
132 verbose request uri https://registry.npmjs.org/lodash
133 verbose request no auth needed
134 info attempt registry request try #1 at 16:29:04
135 verbose etag W/"58d1f7b0-29192"
136 verbose lastModified Wed, 22 Mar 2017 04:04:00 GMT
137 http request GET https://registry.npmjs.org/lodash
138 http 304 https://registry.npmjs.org/google-maps-utility-library-v3-infobox
139 verbose headers { date: 'Wed, 22 Mar 2017 21:29:05 GMT',
139 verbose headers   via: '1.1 varnish',
139 verbose headers   'cache-control': 'max-age=300',
139 verbose headers   etag: 'W/"5819ef21-176a"',
139 verbose headers   age: '295',
139 verbose headers   connection: 'keep-alive',
139 verbose headers   'x-served-by': 'cache-iad2120-IAD',
139 verbose headers   'x-cache': 'HIT',
139 verbose headers   'x-cache-hits': '1',
139 verbose headers   'x-timer': 'S1490218145.011648,VS0,VE0',
139 verbose headers   vary: 'Accept-Encoding' }
140 silly get cb [ 304,
140 silly get   { date: 'Wed, 22 Mar 2017 21:29:05 GMT',
140 silly get     via: '1.1 varnish',
140 silly get     'cache-control': 'max-age=300',
140 silly get     etag: 'W/"5819ef21-176a"',
140 silly get     age: '295',
140 silly get     connection: 'keep-alive',
140 silly get     'x-served-by': 'cache-iad2120-IAD',
140 silly get     'x-cache': 'HIT',
140 silly get     'x-cache-hits': '1',
140 silly get     'x-timer': 'S1490218145.011648,VS0,VE0',
140 silly get     vary: 'Accept-Encoding' } ]
141 verbose etag https://registry.npmjs.org/google-maps-utility-library-v3-infobox from cache
142 verbose get saving google-maps-utility-library-v3-infobox to C:\Users\rgonzalezs\AppData\Roaming\npm-cache\registry.npmjs.org\google-maps-utility-library-v3-infobox\.cache.json
143 verbose correctMkdir C:\Users\rgonzalezs\AppData\Roaming\npm-cache correctMkdir not in flight; initializing
144 silly resolveWithNewModule google-maps-utility-library-v3-infobox@1.1.14 checking installable status
145 silly cache add args [ 'google-maps-utility-library-v3-infobox@1.1.14', null ]
146 verbose cache add spec google-maps-utility-library-v3-infobox@1.1.14
147 silly cache add parsed spec Result {
147 silly cache add   raw: 'google-maps-utility-library-v3-infobox@1.1.14',
147 silly cache add   scope: null,
147 silly cache add   escapedName: 'google-maps-utility-library-v3-infobox',
147 silly cache add   name: 'google-maps-utility-library-v3-infobox',
147 silly cache add   rawSpec: '1.1.14',
147 silly cache add   spec: '1.1.14',
147 silly cache add   type: 'version' }
148 silly addNamed google-maps-utility-library-v3-infobox@1.1.14
149 verbose addNamed "1.1.14" is a plain semver version for google-maps-utility-library-v3-infobox
150 silly mapToRegistry name google-maps-utility-library-v3-infobox
151 silly mapToRegistry using default registry
152 silly mapToRegistry registry https://registry.npmjs.org/
153 silly mapToRegistry data Result {
153 silly mapToRegistry   raw: 'google-maps-utility-library-v3-infobox',
153 silly mapToRegistry   scope: null,
153 silly mapToRegistry   escapedName: 'google-maps-utility-library-v3-infobox',
153 silly mapToRegistry   name: 'google-maps-utility-library-v3-infobox',
153 silly mapToRegistry   rawSpec: '',
153 silly mapToRegistry   spec: 'latest',
153 silly mapToRegistry   type: 'tag' }
154 silly mapToRegistry uri https://registry.npmjs.org/google-maps-utility-library-v3-infobox
155 verbose addNameVersion registry:https://registry.npmjs.org/google-maps-utility-library-v3-infobox not in flight; fetching
156 verbose get https://registry.npmjs.org/google-maps-utility-library-v3-infobox not expired, no request
157 silly cache afterAdd google-maps-utility-library-v3-infobox@1.1.14
158 verbose afterAdd C:\Users\rgonzalezs\AppData\Roaming\npm-cache\google-maps-utility-library-v3-infobox\1.1.14\package\package.json not in flight; writing
159 verbose correctMkdir C:\Users\rgonzalezs\AppData\Roaming\npm-cache correctMkdir not in flight; initializing
160 verbose afterAdd C:\Users\rgonzalezs\AppData\Roaming\npm-cache\google-maps-utility-library-v3-infobox\1.1.14\package\package.json written
161 info git [ 'config', '--get', 'remote.origin.url' ]
162 info git [ 'config', '--get', 'remote.origin.url' ]
163 warn addRemoteGit Error: Command failed: git -c core.longpaths=true config --get remote.origin.url
163 warn addRemoteGit
163 warn addRemoteGit     at ChildProcess.exithandler (child_process.js:206:12)
163 warn addRemoteGit     at emitTwo (events.js:106:13)
163 warn addRemoteGit     at ChildProcess.emit (events.js:191:7)
163 warn addRemoteGit     at maybeClose (internal/child_process.js:877:16)
163 warn addRemoteGit     at Socket.<anonymous> (internal/child_process.js:334:11)
163 warn addRemoteGit     at emitOne (events.js:96:13)
163 warn addRemoteGit     at Socket.emit (events.js:188:7)
163 warn addRemoteGit     at Pipe._handle.close [as _onclose] (net.js:498:12)
163 warn addRemoteGit  git://github.com/nmccready/google-maps-utility-library-v3-markerwithlabel.git resetting remote C:\Users\rgonzalezs\AppData\Roaming\npm-cache\_git-remotes\git-github-com-nmccready-google-maps-utility-library-v3-markerwithlabel-git-535ad55b because of error: { Error: Command failed: git -c core.longpaths=true config --get remote.origin.url
163 warn addRemoteGit
163 warn addRemoteGit     at ChildProcess.exithandler (child_process.js:206:12)
163 warn addRemoteGit     at emitTwo (events.js:106:13)
163 warn addRemoteGit     at ChildProcess.emit (events.js:191:7)
163 warn addRemoteGit     at maybeClose (internal/child_process.js:877:16)
163 warn addRemoteGit     at Socket.<anonymous> (internal/child_process.js:334:11)
163 warn addRemoteGit     at emitOne (events.js:96:13)
163 warn addRemoteGit     at Socket.emit (events.js:188:7)
163 warn addRemoteGit     at Pipe._handle.close [as _onclose] (net.js:498:12)
163 warn addRemoteGit   killed: false,
163 warn addRemoteGit   code: 1,
163 warn addRemoteGit   signal: null,
163 warn addRemoteGit   cmd: 'git -c core.longpaths=true config --get remote.origin.url' }
164 info resetRemote resetting C:\Users\rgonzalezs\AppData\Roaming\npm-cache\_git-remotes\git-github-com-nmccready-google-maps-utility-library-v3-markerwithlabel-git-535ad55b for git://github.com/nmccready/google-maps-utility-library-v3-markerwithlabel.git
165 silly gentlyRm C:\Users\rgonzalezs\AppData\Roaming\npm-cache\_git-remotes\git-github-com-nmccready-google-maps-utility-library-v3-markerwithlabel-git-535ad55b is being purged
166 verbose gentlyRm don't care about contents; nuking C:\Users\rgonzalezs\AppData\Roaming\npm-cache\_git-remotes\git-github-com-nmccready-google-maps-utility-library-v3-markerwithlabel-git-535ad55b
167 silly vacuum-fs purging C:\Users\rgonzalezs\AppData\Roaming\npm-cache\_git-remotes\git-github-com-nmccready-google-maps-utility-library-v3-markerwithlabel-git-535ad55b
168 warn addRemoteGit Error: Command failed: git -c core.longpaths=true config --get remote.origin.url
168 warn addRemoteGit
168 warn addRemoteGit     at ChildProcess.exithandler (child_process.js:206:12)
168 warn addRemoteGit     at emitTwo (events.js:106:13)
168 warn addRemoteGit     at ChildProcess.emit (events.js:191:7)
168 warn addRemoteGit     at maybeClose (internal/child_process.js:877:16)
168 warn addRemoteGit     at Socket.<anonymous> (internal/child_process.js:334:11)
168 warn addRemoteGit     at emitOne (events.js:96:13)
168 warn addRemoteGit     at Socket.emit (events.js:188:7)
168 warn addRemoteGit     at Pipe._handle.close [as _onclose] (net.js:498:12)
168 warn addRemoteGit  git://github.com/MikaFima/js-rich-marker.git#0383f4bbdad4ddf154772fedbdd27e464600e943 resetting remote C:\Users\rgonzalezs\AppData\Roaming\npm-cache\_git-remotes\git-github-com-MikaFima-js-rich-marker-git-0383f4bbdad4ddf154772fedbdd27e464600e943-e7abb722 because of error: { Error: Command failed: git -c core.longpaths=true config --get remote.origin.url
168 warn addRemoteGit
168 warn addRemoteGit     at ChildProcess.exithandler (child_process.js:206:12)
168 warn addRemoteGit     at emitTwo (events.js:106:13)
168 warn addRemoteGit     at ChildProcess.emit (events.js:191:7)
168 warn addRemoteGit     at maybeClose (internal/child_process.js:877:16)
168 warn addRemoteGit     at Socket.<anonymous> (internal/child_process.js:334:11)
168 warn addRemoteGit     at emitOne (events.js:96:13)
168 warn addRemoteGit     at Socket.emit (events.js:188:7)
168 warn addRemoteGit     at Pipe._handle.close [as _onclose] (net.js:498:12)
168 warn addRemoteGit   killed: false,
168 warn addRemoteGit   code: 1,
168 warn addRemoteGit   signal: null,
168 warn addRemoteGit   cmd: 'git -c core.longpaths=true config --get remote.origin.url' }
169 info resetRemote resetting C:\Users\rgonzalezs\AppData\Roaming\npm-cache\_git-remotes\git-github-com-MikaFima-js-rich-marker-git-0383f4bbdad4ddf154772fedbdd27e464600e943-e7abb722 for git://github.com/MikaFima/js-rich-marker.git#0383f4bbdad4ddf154772fedbdd27e464600e943
170 silly gentlyRm C:\Users\rgonzalezs\AppData\Roaming\npm-cache\_git-remotes\git-github-com-MikaFima-js-rich-marker-git-0383f4bbdad4ddf154772fedbdd27e464600e943-e7abb722 is being purged
171 verbose gentlyRm don't care about contents; nuking C:\Users\rgonzalezs\AppData\Roaming\npm-cache\_git-remotes\git-github-com-MikaFima-js-rich-marker-git-0383f4bbdad4ddf154772fedbdd27e464600e943-e7abb722
172 silly vacuum-fs purging C:\Users\rgonzalezs\AppData\Roaming\npm-cache\_git-remotes\git-github-com-MikaFima-js-rich-marker-git-0383f4bbdad4ddf154772fedbdd27e464600e943-e7abb722
173 silly vacuum-fs quitting because other entries in C:\Users\rgonzalezs\AppData\Roaming\npm-cache\_git-remotes
174 silly vacuum-fs quitting because other entries in C:\Users\rgonzalezs\AppData\Roaming\npm-cache\_git-remotes
175 info git [ 'clone',
175 info git   '--template=C:\\Users\\rgonzalezs\\AppData\\Roaming\\npm-cache\\_git-remotes\\_templates',
175 info git   '--mirror',
175 info git   'git://github.com/MikaFima/js-rich-marker.git',
175 info git   'C:\\Users\\rgonzalezs\\AppData\\Roaming\\npm-cache\\_git-remotes\\git-github-com-MikaFima-js-rich-marker-git-0383f4bbdad4ddf154772fedbdd27e464600e943-e7abb722' ]
176 info git [ 'clone',
176 info git   '--template=C:\\Users\\rgonzalezs\\AppData\\Roaming\\npm-cache\\_git-remotes\\_templates',
176 info git   '--mirror',
176 info git   'git://github.com/nmccready/google-maps-utility-library-v3-markerwithlabel.git',
176 info git   'C:\\Users\\rgonzalezs\\AppData\\Roaming\\npm-cache\\_git-remotes\\git-github-com-nmccready-google-maps-utility-library-v3-markerwithlabel-git-535ad55b' ]
177 http 304 https://registry.npmjs.org/google-maps-utility-library-v3-keydragzoom
178 verbose headers { date: 'Wed, 22 Mar 2017 21:29:05 GMT',
178 verbose headers   via: '1.1 varnish',
178 verbose headers   'cache-control': 'max-age=300',
178 verbose headers   etag: 'W/"573616be-f7b"',
178 verbose headers   age: '295',
178 verbose headers   connection: 'keep-alive',
178 verbose headers   'x-served-by': 'cache-iad2151-IAD',
178 verbose headers   'x-cache': 'HIT',
178 verbose headers   'x-cache-hits': '1',
178 verbose headers   'x-timer': 'S1490218145.292878,VS0,VE0',
178 verbose headers   vary: 'Accept-Encoding' }
179 silly get cb [ 304,
179 silly get   { date: 'Wed, 22 Mar 2017 21:29:05 GMT',
179 silly get     via: '1.1 varnish',
179 silly get     'cache-control': 'max-age=300',
179 silly get     etag: 'W/"573616be-f7b"',
179 silly get     age: '295',
179 silly get     connection: 'keep-alive',
179 silly get     'x-served-by': 'cache-iad2151-IAD',
179 silly get     'x-cache': 'HIT',
179 silly get     'x-cache-hits': '1',
179 silly get     'x-timer': 'S1490218145.292878,VS0,VE0',
179 silly get     vary: 'Accept-Encoding' } ]
180 verbose etag https://registry.npmjs.org/google-maps-utility-library-v3-keydragzoom from cache
181 verbose get saving google-maps-utility-library-v3-keydragzoom to C:\Users\rgonzalezs\AppData\Roaming\npm-cache\registry.npmjs.org\google-maps-utility-library-v3-keydragzoom\.cache.json
182 verbose correctMkdir C:\Users\rgonzalezs\AppData\Roaming\npm-cache correctMkdir not in flight; initializing
183 silly resolveWithNewModule google-maps-utility-library-v3-keydragzoom@2.0.9 checking installable status
184 silly cache add args [ 'google-maps-utility-library-v3-keydragzoom@2.0.9', null ]
185 verbose cache add spec google-maps-utility-library-v3-keydragzoom@2.0.9
186 silly cache add parsed spec Result {
186 silly cache add   raw: 'google-maps-utility-library-v3-keydragzoom@2.0.9',
186 silly cache add   scope: null,
186 silly cache add   escapedName: 'google-maps-utility-library-v3-keydragzoom',
186 silly cache add   name: 'google-maps-utility-library-v3-keydragzoom',
186 silly cache add   rawSpec: '2.0.9',
186 silly cache add   spec: '2.0.9',
186 silly cache add   type: 'version' }
187 silly addNamed google-maps-utility-library-v3-keydragzoom@2.0.9
188 verbose addNamed "2.0.9" is a plain semver version for google-maps-utility-library-v3-keydragzoom
189 silly mapToRegistry name google-maps-utility-library-v3-keydragzoom
190 silly mapToRegistry using default registry
191 silly mapToRegistry registry https://registry.npmjs.org/
192 silly mapToRegistry data Result {
192 silly mapToRegistry   raw: 'google-maps-utility-library-v3-keydragzoom',
192 silly mapToRegistry   scope: null,
192 silly mapToRegistry   escapedName: 'google-maps-utility-library-v3-keydragzoom',
192 silly mapToRegistry   name: 'google-maps-utility-library-v3-keydragzoom',
192 silly mapToRegistry   rawSpec: '',
192 silly mapToRegistry   spec: 'latest',
192 silly mapToRegistry   type: 'tag' }
193 silly mapToRegistry uri https://registry.npmjs.org/google-maps-utility-library-v3-keydragzoom
194 verbose addNameVersion registry:https://registry.npmjs.org/google-maps-utility-library-v3-keydragzoom not in flight; fetching
195 verbose get https://registry.npmjs.org/google-maps-utility-library-v3-keydragzoom not expired, no request
196 silly cache afterAdd google-maps-utility-library-v3-keydragzoom@2.0.9
197 verbose afterAdd C:\Users\rgonzalezs\AppData\Roaming\npm-cache\google-maps-utility-library-v3-keydragzoom\2.0.9\package\package.json not in flight; writing
198 verbose correctMkdir C:\Users\rgonzalezs\AppData\Roaming\npm-cache correctMkdir not in flight; initializing
199 http 304 https://registry.npmjs.org/lodash
200 verbose headers { date: 'Wed, 22 Mar 2017 21:29:05 GMT',
200 verbose headers   via: '1.1 varnish',
200 verbose headers   'cache-control': 'max-age=300',
200 verbose headers   etag: 'W/"58d1f7b0-29192"',
200 verbose headers   age: '259',
200 verbose headers   connection: 'keep-alive',
200 verbose headers   'x-served-by': 'cache-iad2122-IAD',
200 verbose headers   'x-cache': 'HIT',
200 verbose headers   'x-cache-hits': '33',
200 verbose headers   'x-timer': 'S1490218145.297288,VS0,VE0',
200 verbose headers   vary: 'Accept-Encoding' }
201 silly get cb [ 304,
201 silly get   { date: 'Wed, 22 Mar 2017 21:29:05 GMT',
201 silly get     via: '1.1 varnish',
201 silly get     'cache-control': 'max-age=300',
201 silly get     etag: 'W/"58d1f7b0-29192"',
201 silly get     age: '259',
201 silly get     connection: 'keep-alive',
201 silly get     'x-served-by': 'cache-iad2122-IAD',
201 silly get     'x-cache': 'HIT',
201 silly get     'x-cache-hits': '33',
201 silly get     'x-timer': 'S1490218145.297288,VS0,VE0',
201 silly get     vary: 'Accept-Encoding' } ]
202 verbose etag https://registry.npmjs.org/lodash from cache
203 verbose get saving lodash to C:\Users\rgonzalezs\AppData\Roaming\npm-cache\registry.npmjs.org\lodash\.cache.json
204 verbose correctMkdir C:\Users\rgonzalezs\AppData\Roaming\npm-cache correctMkdir not in flight; initializing
205 http 304 https://registry.npmjs.org/angular-simple-logger
206 verbose headers { date: 'Wed, 22 Mar 2017 21:29:05 GMT',
206 verbose headers   via: '1.1 varnish',
206 verbose headers   'cache-control': 'max-age=300',
206 verbose headers   etag: 'W/"56a78daf-76b9"',
206 verbose headers   age: '296',
206 verbose headers   connection: 'keep-alive',
206 verbose headers   'x-served-by': 'cache-iad2645-IAD',
206 verbose headers   'x-cache': 'HIT',
206 verbose headers   'x-cache-hits': '1',
206 verbose headers   'x-timer': 'S1490218145.304341,VS0,VE0',
206 verbose headers   vary: 'Accept-Encoding' }
207 silly get cb [ 304,
207 silly get   { date: 'Wed, 22 Mar 2017 21:29:05 GMT',
207 silly get     via: '1.1 varnish',
207 silly get     'cache-control': 'max-age=300',
207 silly get     etag: 'W/"56a78daf-76b9"',
207 silly get     age: '296',
207 silly get     connection: 'keep-alive',
207 silly get     'x-served-by': 'cache-iad2645-IAD',
207 silly get     'x-cache': 'HIT',
207 silly get     'x-cache-hits': '1',
207 silly get     'x-timer': 'S1490218145.304341,VS0,VE0',
207 silly get     vary: 'Accept-Encoding' } ]
208 verbose etag https://registry.npmjs.org/angular-simple-logger from cache
209 verbose get saving angular-simple-logger to C:\Users\rgonzalezs\AppData\Roaming\npm-cache\registry.npmjs.org\angular-simple-logger\.cache.json
210 verbose correctMkdir C:\Users\rgonzalezs\AppData\Roaming\npm-cache correctMkdir not in flight; initializing
211 verbose afterAdd C:\Users\rgonzalezs\AppData\Roaming\npm-cache\google-maps-utility-library-v3-keydragzoom\2.0.9\package\package.json written
212 silly resolveWithNewModule lodash@4.17.4 checking installable status
213 silly cache add args [ 'lodash@3.X - 4.X', null ]
214 verbose cache add spec lodash@3.X - 4.X
215 silly cache add parsed spec Result {
215 silly cache add   raw: 'lodash@3.X - 4.X',
215 silly cache add   scope: null,
215 silly cache add   escapedName: 'lodash',
215 silly cache add   name: 'lodash',
215 silly cache add   rawSpec: '3.X - 4.X',
215 silly cache add   spec: '>=3.0.0 <5.0.0',
215 silly cache add   type: 'range' }
216 silly addNamed lodash@>=3.0.0 <5.0.0
217 verbose addNamed ">=3.0.0 <5.0.0" is a valid semver range for lodash
218 silly addNameRange { name: 'lodash', range: '>=3.0.0 <5.0.0', hasData: false }
219 silly mapToRegistry name lodash
220 silly mapToRegistry using default registry
221 silly mapToRegistry registry https://registry.npmjs.org/
222 silly mapToRegistry data Result {
222 silly mapToRegistry   raw: 'lodash',
222 silly mapToRegistry   scope: null,
222 silly mapToRegistry   escapedName: 'lodash',
222 silly mapToRegistry   name: 'lodash',
222 silly mapToRegistry   rawSpec: '',
222 silly mapToRegistry   spec: 'latest',
222 silly mapToRegistry   type: 'tag' }
223 silly mapToRegistry uri https://registry.npmjs.org/lodash
224 verbose addNameRange registry:https://registry.npmjs.org/lodash not in flight; fetching
225 silly resolveWithNewModule angular-simple-logger@0.1.7 checking installable status
226 silly cache add args [ 'angular-simple-logger@>=0.0.1', null ]
227 verbose cache add spec angular-simple-logger@>=0.0.1
228 silly cache add parsed spec Result {
228 silly cache add   raw: 'angular-simple-logger@>=0.0.1',
228 silly cache add   scope: null,
228 silly cache add   escapedName: 'angular-simple-logger',
228 silly cache add   name: 'angular-simple-logger',
228 silly cache add   rawSpec: '>=0.0.1',
228 silly cache add   spec: '>=0.0.1',
228 silly cache add   type: 'range' }
229 silly addNamed angular-simple-logger@>=0.0.1
230 verbose addNamed ">=0.0.1" is a valid semver range for angular-simple-logger
231 silly addNameRange { name: 'angular-simple-logger',
231 silly addNameRange   range: '>=0.0.1',
231 silly addNameRange   hasData: false }
232 silly mapToRegistry name angular-simple-logger
233 silly mapToRegistry using default registry
234 silly mapToRegistry registry https://registry.npmjs.org/
235 silly mapToRegistry data Result {
235 silly mapToRegistry   raw: 'angular-simple-logger',
235 silly mapToRegistry   scope: null,
235 silly mapToRegistry   escapedName: 'angular-simple-logger',
235 silly mapToRegistry   name: 'angular-simple-logger',
235 silly mapToRegistry   rawSpec: '',
235 silly mapToRegistry   spec: 'latest',
235 silly mapToRegistry   type: 'tag' }
236 silly mapToRegistry uri https://registry.npmjs.org/angular-simple-logger
237 verbose addNameRange registry:https://registry.npmjs.org/angular-simple-logger not in flight; fetching
238 verbose get https://registry.npmjs.org/lodash not expired, no request
239 silly addNameRange number 2 { name: 'lodash', range: '>=3.0.0 <5.0.0', hasData: true }
240 silly addNameRange versions [ 'lodash',
240 silly addNameRange   [ '0.1.0',
240 silly addNameRange     '0.2.0',
240 silly addNameRange     '0.2.1',
240 silly addNameRange     '0.2.2',
240 silly addNameRange     '0.3.0',
240 silly addNameRange     '0.3.1',
240 silly addNameRange     '0.3.2',
240 silly addNameRange     '0.4.0',
240 silly addNameRange     '0.4.1',
240 silly addNameRange     '0.4.2',
240 silly addNameRange     '0.5.0-rc.1',
240 silly addNameRange     '0.5.0',
240 silly addNameRange     '0.5.1',
240 silly addNameRange     '0.5.2',
240 silly addNameRange     '0.6.0',
240 silly addNameRange     '0.6.1',
240 silly addNameRange     '0.7.0',
240 silly addNameRange     '0.8.0',
240 silly addNameRange     '0.8.1',
240 silly addNameRange     '0.8.2',
240 silly addNameRange     '0.9.0',
240 silly addNameRange     '0.9.1',
240 silly addNameRange     '0.9.2',
240 silly addNameRange     '0.10.0',
240 silly addNameRange     '1.0.0-rc.1',
240 silly addNameRange     '1.0.0-rc.2',
240 silly addNameRange     '1.0.0-rc.3',
240 silly addNameRange     '1.0.0',
240 silly addNameRange     '1.0.1',
240 silly addNameRange     '1.1.0',
240 silly addNameRange     '1.1.1',
240 silly addNameRange     '1.2.0',
240 silly addNameRange     '1.2.1',
240 silly addNameRange     '1.3.0',
240 silly addNameRange     '1.3.1',
240 silly addNameRange     '2.0.0',
240 silly addNameRange     '2.1.0',
240 silly addNameRange     '2.2.0',
240 silly addNameRange     '2.2.1',
240 silly addNameRange     '2.3.0',
240 silly addNameRange     '2.4.0',
240 silly addNameRange     '2.4.1',
240 silly addNameRange     '3.0.0',
240 silly addNameRange     '3.0.1',
240 silly addNameRange     '3.1.0',
240 silly addNameRange     '3.2.0',
240 silly addNameRange     '3.3.0',
240 silly addNameRange     '3.3.1',
240 silly addNameRange     '3.4.0',
240 silly addNameRange     '3.5.0',
240 silly addNameRange     '3.6.0',
240 silly addNameRange     '1.0.2',
240 silly addNameRange     '3.7.0',
240 silly addNameRange     '2.4.2',
240 silly addNameRange     '3.8.0',
240 silly addNameRange     '3.9.0',
240 silly addNameRange     '3.9.1',
240 silly addNameRange     '3.9.2',
240 silly addNameRange     '3.9.3',
240 silly addNameRange     '3.10.0',
240 silly addNameRange     '3.10.1',
240 silly addNameRange     '4.0.0',
240 silly addNameRange     '4.0.1',
240 silly addNameRange     '4.1.0',
240 silly addNameRange     '4.2.0',
240 silly addNameRange     '4.2.1',
240 silly addNameRange     '4.3.0',
240 silly addNameRange     '4.4.0',
240 silly addNameRange     '4.5.0',
240 silly addNameRange     '4.5.1',
240 silly addNameRange     '4.6.0',
240 silly addNameRange     '4.6.1',
240 silly addNameRange     '4.7.0',
240 silly addNameRange     '4.8.0',
240 silly addNameRange     '4.8.1',
240 silly addNameRange     '4.8.2',
240 silly addNameRange     '4.9.0',
240 silly addNameRange     '4.10.0',
240 silly addNameRange     '4.11.0',
240 silly addNameRange     '4.11.1',
240 silly addNameRange     '4.11.2',
240 silly addNameRange     '4.12.0',
240 silly addNameRange     '4.13.0',
240 silly addNameRange     '4.13.1',
240 silly addNameRange     '4.14.0',
240 silly addNameRange     '4.14.1',
240 silly addNameRange     '4.14.2',
240 silly addNameRange     '4.15.0',
240 silly addNameRange     '4.16.0',
240 silly addNameRange     '4.16.1',
240 silly addNameRange     '4.16.2',
240 silly addNameRange     '4.16.3',
240 silly addNameRange     '4.16.4',
240 silly addNameRange     '4.16.5',
240 silly addNameRange     '4.16.6',
240 silly addNameRange     '4.17.0',
240 silly addNameRange     '4.17.1',
240 silly addNameRange     '4.17.2',
240 silly addNameRange     '4.17.3',
240 silly addNameRange     '4.17.4' ] ]
241 silly addNamed lodash@4.17.4
242 verbose addNamed "4.17.4" is a plain semver version for lodash
243 http 304 https://registry.npmjs.org/markerclustererplus
244 verbose headers { date: 'Wed, 22 Mar 2017 21:29:05 GMT',
244 verbose headers   via: '1.1 varnish',
244 verbose headers   'cache-control': 'max-age=300',
244 verbose headers   etag: 'W/"551c1041-1757"',
244 verbose headers   age: '295',
244 verbose headers   connection: 'keep-alive',
244 verbose headers   'x-served-by': 'cache-iad2151-IAD',
244 verbose headers   'x-cache': 'HIT',
244 verbose headers   'x-cache-hits': '1',
244 verbose headers   'x-timer': 'S1490218145.319453,VS0,VE0',
244 verbose headers   vary: 'Accept-Encoding' }
245 silly get cb [ 304,
245 silly get   { date: 'Wed, 22 Mar 2017 21:29:05 GMT',
245 silly get     via: '1.1 varnish',
245 silly get     'cache-control': 'max-age=300',
245 silly get     etag: 'W/"551c1041-1757"',
245 silly get     age: '295',
245 silly get     connection: 'keep-alive',
245 silly get     'x-served-by': 'cache-iad2151-IAD',
245 silly get     'x-cache': 'HIT',
245 silly get     'x-cache-hits': '1',
245 silly get     'x-timer': 'S1490218145.319453,VS0,VE0',
245 silly get     vary: 'Accept-Encoding' } ]
246 verbose etag https://registry.npmjs.org/markerclustererplus from cache
247 verbose get saving markerclustererplus to C:\Users\rgonzalezs\AppData\Roaming\npm-cache\registry.npmjs.org\markerclustererplus\.cache.json
248 verbose correctMkdir C:\Users\rgonzalezs\AppData\Roaming\npm-cache correctMkdir not in flight; initializing
249 verbose get https://registry.npmjs.org/angular-simple-logger not expired, no request
250 silly addNameRange number 2 { name: 'angular-simple-logger',
250 silly addNameRange   range: '>=0.0.1',
250 silly addNameRange   hasData: true }
251 silly addNameRange versions [ 'angular-simple-logger',
251 silly addNameRange   [ '0.0.1',
251 silly addNameRange     '0.0.2',
251 silly addNameRange     '0.0.3',
251 silly addNameRange     '0.0.4',
251 silly addNameRange     '0.1.0',
251 silly addNameRange     '0.1.1',
251 silly addNameRange     '0.1.2',
251 silly addNameRange     '0.1.3',
251 silly addNameRange     '0.1.4',
251 silly addNameRange     '0.1.5',
251 silly addNameRange     '0.1.6',
251 silly addNameRange     '0.1.7' ] ]
252 silly addNamed angular-simple-logger@0.1.7
253 verbose addNamed "0.1.7" is a plain semver version for angular-simple-logger
254 silly cache afterAdd lodash@4.17.4
255 verbose afterAdd C:\Users\rgonzalezs\AppData\Roaming\npm-cache\lodash\4.17.4\package\package.json not in flight; writing
256 verbose correctMkdir C:\Users\rgonzalezs\AppData\Roaming\npm-cache correctMkdir not in flight; initializing
257 silly cache afterAdd angular-simple-logger@0.1.7
258 verbose afterAdd C:\Users\rgonzalezs\AppData\Roaming\npm-cache\angular-simple-logger\0.1.7\package\package.json not in flight; writing
259 verbose correctMkdir C:\Users\rgonzalezs\AppData\Roaming\npm-cache correctMkdir not in flight; initializing
260 silly resolveWithNewModule markerclustererplus@2.1.4 checking installable status
261 silly cache add args [ 'markerclustererplus@2.1.4', null ]
262 verbose cache add spec markerclustererplus@2.1.4
263 silly cache add parsed spec Result {
263 silly cache add   raw: 'markerclustererplus@2.1.4',
263 silly cache add   scope: null,
263 silly cache add   escapedName: 'markerclustererplus',
263 silly cache add   name: 'markerclustererplus',
263 silly cache add   rawSpec: '2.1.4',
263 silly cache add   spec: '2.1.4',
263 silly cache add   type: 'version' }
264 silly addNamed markerclustererplus@2.1.4
265 verbose addNamed "2.1.4" is a plain semver version for markerclustererplus
266 silly mapToRegistry name markerclustererplus
267 silly mapToRegistry using default registry
268 silly mapToRegistry registry https://registry.npmjs.org/
269 silly mapToRegistry data Result {
269 silly mapToRegistry   raw: 'markerclustererplus',
269 silly mapToRegistry   scope: null,
269 silly mapToRegistry   escapedName: 'markerclustererplus',
269 silly mapToRegistry   name: 'markerclustererplus',
269 silly mapToRegistry   rawSpec: '',
269 silly mapToRegistry   spec: 'latest',
269 silly mapToRegistry   type: 'tag' }
270 silly mapToRegistry uri https://registry.npmjs.org/markerclustererplus
271 verbose addNameVersion registry:https://registry.npmjs.org/markerclustererplus not in flight; fetching
272 verbose afterAdd C:\Users\rgonzalezs\AppData\Roaming\npm-cache\lodash\4.17.4\package\package.json written
273 verbose afterAdd C:\Users\rgonzalezs\AppData\Roaming\npm-cache\angular-simple-logger\0.1.7\package\package.json written
274 verbose get https://registry.npmjs.org/markerclustererplus not expired, no request
275 silly cache afterAdd markerclustererplus@2.1.4
276 verbose afterAdd C:\Users\rgonzalezs\AppData\Roaming\npm-cache\markerclustererplus\2.1.4\package\package.json not in flight; writing
277 verbose correctMkdir C:\Users\rgonzalezs\AppData\Roaming\npm-cache correctMkdir not in flight; initializing
278 verbose afterAdd C:\Users\rgonzalezs\AppData\Roaming\npm-cache\markerclustererplus\2.1.4\package\package.json written
279 error git clone --template=C:\Users\rgonzalezs\AppData\Roaming\npm-cache\_git-remotes\_templates --mirror git://github.com/MikaFima/js-rich-marker.git C:\Users\rgonzalezs\AppData\Roaming\npm-cache\_git-remotes\git-github-com-MikaFima-js-rich-marker-git-0383f4bbdad4ddf154772fedbdd27e464600e943-e7abb722: Cloning into bare repository 'C:\Users\rgonzalezs\AppData\Roaming\npm-cache\_git-remotes\git-github-com-MikaFima-js-rich-marker-git-0383f4bbdad4ddf154772fedbdd27e464600e943-e7abb722'...
279 error git clone --template=C:\Users\rgonzalezs\AppData\Roaming\npm-cache\_git-remotes\_templates --mirror git://github.com/MikaFima/js-rich-marker.git C:\Users\rgonzalezs\AppData\Roaming\npm-cache\_git-remotes\git-github-com-MikaFima-js-rich-marker-git-0383f4bbdad4ddf154772fedbdd27e464600e943-e7abb722: fatal: unable to connect to github.com:
279 error git clone --template=C:\Users\rgonzalezs\AppData\Roaming\npm-cache\_git-remotes\_templates --mirror git://github.com/MikaFima/js-rich-marker.git C:\Users\rgonzalezs\AppData\Roaming\npm-cache\_git-remotes\git-github-com-MikaFima-js-rich-marker-git-0383f4bbdad4ddf154772fedbdd27e464600e943-e7abb722: github.com[0: 192.30.253.112]: errno=Invalid argument
279 error git clone --template=C:\Users\rgonzalezs\AppData\Roaming\npm-cache\_git-remotes\_templates --mirror git://github.com/MikaFima/js-rich-marker.git C:\Users\rgonzalezs\AppData\Roaming\npm-cache\_git-remotes\git-github-com-MikaFima-js-rich-marker-git-0383f4bbdad4ddf154772fedbdd27e464600e943-e7abb722: github.com[1: 192.30.253.113]: errno=Invalid argument
280 silly fetchPackageMetaData Error: Command failed: git -c core.longpaths=true clone --template=C:\Users\rgonzalezs\AppData\Roaming\npm-cache\_git-remotes\_templates --mirror git://github.com/MikaFima/js-rich-marker.git C:\Users\rgonzalezs\AppData\Roaming\npm-cache\_git-remotes\git-github-com-MikaFima-js-rich-marker-git-0383f4bbdad4ddf154772fedbdd27e464600e943-e7abb722
280 silly fetchPackageMetaData Cloning into bare repository 'C:\Users\rgonzalezs\AppData\Roaming\npm-cache\_git-remotes\git-github-com-MikaFima-js-rich-marker-git-0383f4bbdad4ddf154772fedbdd27e464600e943-e7abb722'...
280 silly fetchPackageMetaData fatal: unable to connect to github.com:
280 silly fetchPackageMetaData github.com[0: 192.30.253.112]: errno=Invalid argument
280 silly fetchPackageMetaData github.com[1: 192.30.253.113]: errno=Invalid argument
280 silly fetchPackageMetaData
280 silly fetchPackageMetaData
280 silly fetchPackageMetaData     at ChildProcess.exithandler (child_process.js:206:12)
280 silly fetchPackageMetaData     at emitTwo (events.js:106:13)
280 silly fetchPackageMetaData     at ChildProcess.emit (events.js:191:7)
280 silly fetchPackageMetaData     at maybeClose (internal/child_process.js:877:16)
280 silly fetchPackageMetaData     at Process.ChildProcess._handle.onexit (internal/child_process.js:226:5)
280 silly fetchPackageMetaData  error for js-rich-marker@git://github.com/MikaFima/js-rich-marker.git#0383f4bbdad4ddf154772fedbdd27e464600e943 { Error: Command failed: git -c core.longpaths=true clone --template=C:\Users\rgonzalezs\AppData\Roaming\npm-cache\_git-remotes\_templates --mirror git://github.com/MikaFima/js-rich-marker.git C:\Users\rgonzalezs\AppData\Roaming\npm-cache\_git-remotes\git-github-com-MikaFima-js-rich-marker-git-0383f4bbdad4ddf154772fedbdd27e464600e943-e7abb722
280 silly fetchPackageMetaData Cloning into bare repository 'C:\Users\rgonzalezs\AppData\Roaming\npm-cache\_git-remotes\git-github-com-MikaFima-js-rich-marker-git-0383f4bbdad4ddf154772fedbdd27e464600e943-e7abb722'...
280 silly fetchPackageMetaData fatal: unable to connect to github.com:
280 silly fetchPackageMetaData github.com[0: 192.30.253.112]: errno=Invalid argument
280 silly fetchPackageMetaData github.com[1: 192.30.253.113]: errno=Invalid argument
280 silly fetchPackageMetaData
280 silly fetchPackageMetaData
280 silly fetchPackageMetaData     at ChildProcess.exithandler (child_process.js:206:12)
280 silly fetchPackageMetaData     at emitTwo (events.js:106:13)
280 silly fetchPackageMetaData     at ChildProcess.emit (events.js:191:7)
280 silly fetchPackageMetaData     at maybeClose (internal/child_process.js:877:16)
280 silly fetchPackageMetaData     at Process.ChildProcess._handle.onexit (internal/child_process.js:226:5)
280 silly fetchPackageMetaData   killed: false,
280 silly fetchPackageMetaData   code: 128,
280 silly fetchPackageMetaData   signal: null,
280 silly fetchPackageMetaData   cmd: 'git -c core.longpaths=true clone --template=C:\\Users\\rgonzalezs\\AppData\\Roaming\\npm-cache\\_git-remotes\\_templates --mirror git://github.com/MikaFima/js-rich-marker.git C:\\Users\\rgonzalezs\\AppData\\Roaming\\npm-cache\\_git-remotes\\git-github-com-MikaFima-js-rich-marker-git-0383f4bbdad4ddf154772fedbdd27e464600e943-e7abb722' }
281 error git clone --template=C:\Users\rgonzalezs\AppData\Roaming\npm-cache\_git-remotes\_templates --mirror git://github.com/nmccready/google-maps-utility-library-v3-markerwithlabel.git C:\Users\rgonzalezs\AppData\Roaming\npm-cache\_git-remotes\git-github-com-nmccready-google-maps-utility-library-v3-markerwithlabel-git-535ad55b: Cloning into bare repository 'C:\Users\rgonzalezs\AppData\Roaming\npm-cache\_git-remotes\git-github-com-nmccready-google-maps-utility-library-v3-markerwithlabel-git-535ad55b'...
281 error git clone --template=C:\Users\rgonzalezs\AppData\Roaming\npm-cache\_git-remotes\_templates --mirror git://github.com/nmccready/google-maps-utility-library-v3-markerwithlabel.git C:\Users\rgonzalezs\AppData\Roaming\npm-cache\_git-remotes\git-github-com-nmccready-google-maps-utility-library-v3-markerwithlabel-git-535ad55b: fatal: unable to connect to github.com:
281 error git clone --template=C:\Users\rgonzalezs\AppData\Roaming\npm-cache\_git-remotes\_templates --mirror git://github.com/nmccready/google-maps-utility-library-v3-markerwithlabel.git C:\Users\rgonzalezs\AppData\Roaming\npm-cache\_git-remotes\git-github-com-nmccready-google-maps-utility-library-v3-markerwithlabel-git-535ad55b: github.com[0: 192.30.253.112]: errno=Invalid argument
281 error git clone --template=C:\Users\rgonzalezs\AppData\Roaming\npm-cache\_git-remotes\_templates --mirror git://github.com/nmccready/google-maps-utility-library-v3-markerwithlabel.git C:\Users\rgonzalezs\AppData\Roaming\npm-cache\_git-remotes\git-github-com-nmccready-google-maps-utility-library-v3-markerwithlabel-git-535ad55b: github.com[1: 192.30.253.113]: errno=Invalid argument
282 silly fetchPackageMetaData Error: Command failed: git -c core.longpaths=true clone --template=C:\Users\rgonzalezs\AppData\Roaming\npm-cache\_git-remotes\_templates --mirror git://github.com/nmccready/google-maps-utility-library-v3-markerwithlabel.git C:\Users\rgonzalezs\AppData\Roaming\npm-cache\_git-remotes\git-github-com-nmccready-google-maps-utility-library-v3-markerwithlabel-git-535ad55b
282 silly fetchPackageMetaData Cloning into bare repository 'C:\Users\rgonzalezs\AppData\Roaming\npm-cache\_git-remotes\git-github-com-nmccready-google-maps-utility-library-v3-markerwithlabel-git-535ad55b'...
282 silly fetchPackageMetaData fatal: unable to connect to github.com:
282 silly fetchPackageMetaData github.com[0: 192.30.253.112]: errno=Invalid argument
282 silly fetchPackageMetaData github.com[1: 192.30.253.113]: errno=Invalid argument
282 silly fetchPackageMetaData
282 silly fetchPackageMetaData
282 silly fetchPackageMetaData     at ChildProcess.exithandler (child_process.js:206:12)
282 silly fetchPackageMetaData     at emitTwo (events.js:106:13)
282 silly fetchPackageMetaData     at ChildProcess.emit (events.js:191:7)
282 silly fetchPackageMetaData     at maybeClose (internal/child_process.js:877:16)
282 silly fetchPackageMetaData     at Process.ChildProcess._handle.onexit (internal/child_process.js:226:5)
282 silly fetchPackageMetaData  error for google-maps-utility-library-v3-markerwithlabel@git://github.com/nmccready/google-maps-utility-library-v3-markerwithlabel.git { Error: Command failed: git -c core.longpaths=true clone --template=C:\Users\rgonzalezs\AppData\Roaming\npm-cache\_git-remotes\_templates --mirror git://github.com/nmccready/google-maps-utility-library-v3-markerwithlabel.git C:\Users\rgonzalezs\AppData\Roaming\npm-cache\_git-remotes\git-github-com-nmccready-google-maps-utility-library-v3-markerwithlabel-git-535ad55b
282 silly fetchPackageMetaData Cloning into bare repository 'C:\Users\rgonzalezs\AppData\Roaming\npm-cache\_git-remotes\git-github-com-nmccready-google-maps-utility-library-v3-markerwithlabel-git-535ad55b'...
282 silly fetchPackageMetaData fatal: unable to connect to github.com:
282 silly fetchPackageMetaData github.com[0: 192.30.253.112]: errno=Invalid argument
282 silly fetchPackageMetaData github.com[1: 192.30.253.113]: errno=Invalid argument
282 silly fetchPackageMetaData
282 silly fetchPackageMetaData
282 silly fetchPackageMetaData     at ChildProcess.exithandler (child_process.js:206:12)
282 silly fetchPackageMetaData     at emitTwo (events.js:106:13)
282 silly fetchPackageMetaData     at ChildProcess.emit (events.js:191:7)
282 silly fetchPackageMetaData     at maybeClose (internal/child_process.js:877:16)
282 silly fetchPackageMetaData     at Process.ChildProcess._handle.onexit (internal/child_process.js:226:5)
282 silly fetchPackageMetaData   killed: false,
282 silly fetchPackageMetaData   code: 128,
282 silly fetchPackageMetaData   signal: null,
282 silly fetchPackageMetaData   cmd: 'git -c core.longpaths=true clone --template=C:\\Users\\rgonzalezs\\AppData\\Roaming\\npm-cache\\_git-remotes\\_templates --mirror git://github.com/nmccready/google-maps-utility-library-v3-markerwithlabel.git C:\\Users\\rgonzalezs\\AppData\\Roaming\\npm-cache\\_git-remotes\\git-github-com-nmccready-google-maps-utility-library-v3-markerwithlabel-git-535ad55b' }
283 silly rollbackFailedOptional Starting
284 silly rollbackFailedOptional Finishing
285 silly runTopLevelLifecycles Finishing
286 silly install printInstalled
287 verbose stack Error: Command failed: git -c core.longpaths=true clone --template=C:\Users\rgonzalezs\AppData\Roaming\npm-cache\_git-remotes\_templates --mirror git://github.com/MikaFima/js-rich-marker.git C:\Users\rgonzalezs\AppData\Roaming\npm-cache\_git-remotes\git-github-com-MikaFima-js-rich-marker-git-0383f4bbdad4ddf154772fedbdd27e464600e943-e7abb722
287 verbose stack Cloning into bare repository 'C:\Users\rgonzalezs\AppData\Roaming\npm-cache\_git-remotes\git-github-com-MikaFima-js-rich-marker-git-0383f4bbdad4ddf154772fedbdd27e464600e943-e7abb722'...
287 verbose stack fatal: unable to connect to github.com:
287 verbose stack github.com[0: 192.30.253.112]: errno=Invalid argument
287 verbose stack github.com[1: 192.30.253.113]: errno=Invalid argument
287 verbose stack
287 verbose stack
287 verbose stack     at ChildProcess.exithandler (child_process.js:206:12)
287 verbose stack     at emitTwo (events.js:106:13)
287 verbose stack     at ChildProcess.emit (events.js:191:7)
287 verbose stack     at maybeClose (internal/child_process.js:877:16)
287 verbose stack     at Process.ChildProcess._handle.onexit (internal/child_process.js:226:5)
288 verbose cwd D:\Angular\Site
289 error Windows_NT 10.0.14393
290 error argv "C:\\Program Files\\nodejs\\node.exe" "C:\\Program Files\\nodejs\\node_modules\\npm\\bin\\npm-cli.js" "install" "angular-google-maps" "--save"
291 error node v6.10.0
292 error npm  v3.10.10
293 error code 128
294 error Command failed: git -c core.longpaths=true clone --template=C:\Users\rgonzalezs\AppData\Roaming\npm-cache\_git-remotes\_templates --mirror git://github.com/MikaFima/js-rich-marker.git C:\Users\rgonzalezs\AppData\Roaming\npm-cache\_git-remotes\git-github-com-MikaFima-js-rich-marker-git-0383f4bbdad4ddf154772fedbdd27e464600e943-e7abb722
294 error Cloning into bare repository 'C:\Users\rgonzalezs\AppData\Roaming\npm-cache\_git-remotes\git-github-com-MikaFima-js-rich-marker-git-0383f4bbdad4ddf154772fedbdd27e464600e943-e7abb722'...
294 error fatal: unable to connect to github.com:
294 error github.com[0: 192.30.253.112]: errno=Invalid argument
294 error github.com[1: 192.30.253.113]: errno=Invalid argument
295 error If you need help, you may report this error at:
295 error     <https://github.com/npm/npm/issues>
296 verbose exit [ 1, true ]
